build/app/intermediates/manifest_merge_blame_file/debug/processDebugMainManifest/manifest-merger-blame-debug-report.txt
1<?xml version="1.0" encoding="utf-8"?>
2<!-- <manifest xmlns:android="http://schemas.android.com/apk/res/android"> -->
3<!-- &lt;!&ndash; Permissions required for Google Maps &ndash;&gt; -->
4<!-- <uses-permission android:name="android.permission.INTERNET"/> -->
5<!-- <uses-permission android:name="android.permission.ACCESS_FINE_LOCATION"/> -->
6<!-- <uses-permission android:name="android.permission.ACCESS_COARSE_LOCATION"/> -->
7<!-- <uses-permission android:name="android.permission.ACCESS_FINE_LOCATION"/> -->
8<!-- <uses-permission android:name="android.permission.ACCESS_COARSE_LOCATION"/> -->
9<!-- <uses-permission android:name="android.permission.ACCESS_BACKGROUND_LOCATION"/> -->
10<!-- <uses-permission android:name="android.permission.FOREGROUND_SERVICE" /> -->
11<!-- <uses-permission android:name="android.permission.WRITE_EXTERNAL_STORAGE"/> -->
12<!-- <uses-permission android:name="android.permission.READ_EXTERNAL_STORAGE" /> -->
13<!-- <uses-permission android:name="android.permission.INTERNET"/> -->
14<!-- <uses-permission android:name="android.permission.READ_MEDIA_IMAGES"/> -->
15<!-- <uses-permission android:name="android.permission.READ_MEDIA_VIDEO"/> -->
16<!-- <uses-permission android:name="android.permission.READ_MEDIA_AUDIO"/> -->
17<!-- <uses-permission android:name="android.permission.MANAGE_EXTERNAL_STORAGE" /> -->
18<!-- <application -->
19<!-- android:label="digital_bus_pass_system" -->
20<!-- android:requestLegacyExternalStorage="true" -->
21<!-- android:icon="@mipmap/ic_launcher"> -->
22<!-- &lt;!&ndash; Metadata for Google Maps API key &ndash;&gt; -->
23<!-- <meta-data android:name="com.google.android.geo.API_KEY" -->
24<!-- android:value="AIzaSyCuJ95Ynset11JahQ96woXW5EM7S-d3BTo"/> -->
25<!-- </application> -->
26<!-- </manifest> -->
27<manifest xmlns:android="http://schemas.android.com/apk/res/android"
28    package="com.example.digital_bus_pass_system"
29    android:versionCode="1"
30    android:versionName="1.0" >
31
32    <uses-sdk
33        android:minSdkVersion="23"
34        android:targetSdkVersion="35" />
35
36    <!-- Required permissions -->
37    <uses-permission android:name="android.permission.INTERNET" />
37-->src\main\AndroidManifest.xml:4:5-66
37-->src\main\AndroidManifest.xml:4:22-64
38    <uses-permission android:name="android.permission.ACCESS_FINE_LOCATION" />
38-->src\debug\AndroidManifest.xml:40:5-78
38-->src\debug\AndroidManifest.xml:40:22-76
39    <uses-permission android:name="android.permission.ACCESS_COARSE_LOCATION" />
39-->src\debug\AndroidManifest.xml:41:5-80
39-->src\debug\AndroidManifest.xml:41:22-78
40    <uses-permission android:name="android.permission.ACCESS_BACKGROUND_LOCATION" />
40-->src\debug\AndroidManifest.xml:42:5-84
40-->src\debug\AndroidManifest.xml:42:22-82
41    <uses-permission android:name="android.permission.FOREGROUND_SERVICE" />
41-->src\debug\AndroidManifest.xml:43:5-76
41-->src\debug\AndroidManifest.xml:43:22-74
42    <uses-permission
42-->src\main\AndroidManifest.xml:2:5-80
43        android:name="android.permission.WRITE_EXTERNAL_STORAGE"
43-->src\main\AndroidManifest.xml:2:22-78
44        android:maxSdkVersion="28" />
44-->src\debug\AndroidManifest.xml:45:9-35
45    <uses-permission
45-->src\main\AndroidManifest.xml:3:5-80
46        android:name="android.permission.READ_EXTERNAL_STORAGE"
46-->src\main\AndroidManifest.xml:3:22-77
47        android:maxSdkVersion="32" />
47-->src\debug\AndroidManifest.xml:47:9-35
48    <uses-permission android:name="android.permission.READ_MEDIA_IMAGES" />
48-->src\main\AndroidManifest.xml:5:5-75
48-->src\main\AndroidManifest.xml:5:22-73
49    <uses-permission android:name="android.permission.READ_MEDIA_VIDEO" />
49-->src\main\AndroidManifest.xml:6:5-74
49-->src\main\AndroidManifest.xml:6:22-72
50    <uses-permission android:name="android.permission.READ_MEDIA_AUDIO" />
50-->src\main\AndroidManifest.xml:7:5-74
50-->src\main\AndroidManifest.xml:7:22-72
51    <uses-permission android:name="android.permission.MANAGE_EXTERNAL_STORAGE" />
51-->src\debug\AndroidManifest.xml:51:5-81
51-->src\debug\AndroidManifest.xml:51:22-79
52
53    <!--
54     Required to query activities that can process text, see:
55         https://developer.android.com/training/package-visibility and
56         https://developer.android.com/reference/android/content/Intent#ACTION_PROCESS_TEXT.
57
58         In particular, this is used by the Flutter engine in io.flutter.plugin.text.ProcessTextPlugin.
59    -->
60    <queries>
60-->src\main\AndroidManifest.xml:45:5-50:15
61        <intent>
61-->src\main\AndroidManifest.xml:46:9-49:18
62            <action android:name="android.intent.action.PROCESS_TEXT" />
62-->src\main\AndroidManifest.xml:47:13-72
62-->src\main\AndroidManifest.xml:47:21-70
63
64            <data android:mimeType="text/plain" />
64-->src\main\AndroidManifest.xml:48:13-50
64-->src\main\AndroidManifest.xml:48:19-48
65        </intent>
66        <intent>
66-->[com.google.firebase:firebase-inappmessaging-display:21.0.2] AndroidManifest.xml:11:9-15:18
67            <action android:name="android.intent.action.VIEW" />
67-->[com.google.firebase:firebase-auth:23.2.0] AndroidManifest.xml:36:17-69
67-->[com.google.firebase:firebase-auth:23.2.0] AndroidManifest.xml:36:25-66
68
69            <data android:scheme="https" />
69-->src\main\AndroidManifest.xml:48:13-50
70        </intent>
71        <intent>
71-->[com.razorpay:standard-core:1.6.50] AndroidManifest.xml:11:9-17:18
72            <action android:name="android.intent.action.VIEW" />
72-->[com.google.firebase:firebase-auth:23.2.0] AndroidManifest.xml:36:17-69
72-->[com.google.firebase:firebase-auth:23.2.0] AndroidManifest.xml:36:25-66
73
74            <data
74-->src\main\AndroidManifest.xml:48:13-50
75                android:mimeType="*/*"
75-->src\main\AndroidManifest.xml:48:19-48
76                android:scheme="*" />
77        </intent>
78        <intent>
78-->[com.razorpay:standard-core:1.6.50] AndroidManifest.xml:18:9-27:18
79            <action android:name="android.intent.action.VIEW" />
79-->[com.google.firebase:firebase-auth:23.2.0] AndroidManifest.xml:36:17-69
79-->[com.google.firebase:firebase-auth:23.2.0] AndroidManifest.xml:36:25-66
80
81            <category android:name="android.intent.category.BROWSABLE" />
81-->[com.google.firebase:firebase-auth:23.2.0] AndroidManifest.xml:39:17-78
81-->[com.google.firebase:firebase-auth:23.2.0] AndroidManifest.xml:39:27-75
82
83            <data
83-->src\main\AndroidManifest.xml:48:13-50
84                android:host="pay"
85                android:mimeType="*/*"
85-->src\main\AndroidManifest.xml:48:19-48
86                android:scheme="upi" />
87        </intent>
88        <intent>
88-->[com.razorpay:standard-core:1.6.50] AndroidManifest.xml:28:9-30:18
89            <action android:name="android.intent.action.MAIN" />
89-->src\main\AndroidManifest.xml:30:17-68
89-->src\main\AndroidManifest.xml:30:25-66
90        </intent>
91        <intent>
91-->[com.razorpay:standard-core:1.6.50] AndroidManifest.xml:31:9-35:18
92            <action android:name="android.intent.action.SEND" />
92-->[com.razorpay:standard-core:1.6.50] AndroidManifest.xml:32:13-65
92-->[com.razorpay:standard-core:1.6.50] AndroidManifest.xml:32:21-62
93
94            <data android:mimeType="*/*" />
94-->src\main\AndroidManifest.xml:48:13-50
94-->src\main\AndroidManifest.xml:48:19-48
95        </intent>
96        <intent>
96-->[com.razorpay:standard-core:1.6.50] AndroidManifest.xml:36:9-38:18
97            <action android:name="rzp.device_token.share" />
97-->[com.razorpay:standard-core:1.6.50] AndroidManifest.xml:37:13-61
97-->[com.razorpay:standard-core:1.6.50] AndroidManifest.xml:37:21-58
98        </intent> <!-- Needs to be explicitly declared on Android R+ -->
99        <package android:name="com.google.android.apps.maps" />
99-->[com.google.android.gms:play-services-maps:18.2.0] AndroidManifest.xml:33:9-64
99-->[com.google.android.gms:play-services-maps:18.2.0] AndroidManifest.xml:33:18-61
100    </queries> <!-- Although the *SdkVersion is captured in gradle build files, this is required for non gradle builds -->
101    <!-- <uses-sdk android:minSdkVersion="21" /> -->
102    <uses-permission android:name="android.permission.ACCESS_NETWORK_STATE" />
102-->[com.google.firebase:firebase-firestore:25.1.3] AndroidManifest.xml:10:5-79
102-->[com.google.firebase:firebase-firestore:25.1.3] AndroidManifest.xml:10:22-76
103
104    <uses-feature
104-->[com.google.android.gms:play-services-maps:18.2.0] AndroidManifest.xml:26:5-28:35
105        android:glEsVersion="0x00020000"
105-->[com.google.android.gms:play-services-maps:18.2.0] AndroidManifest.xml:27:9-41
106        android:required="true" />
106-->[com.google.android.gms:play-services-maps:18.2.0] AndroidManifest.xml:28:9-32
107
108    <uses-permission android:name="com.google.android.providers.gsf.permission.READ_GSERVICES" />
108-->[com.google.android.recaptcha:recaptcha:18.6.1] AndroidManifest.xml:9:5-98
108-->[com.google.android.recaptcha:recaptcha:18.6.1] AndroidManifest.xml:9:22-95
109
110    <permission
110-->[androidx.core:core:1.16.0] AndroidManifest.xml:22:5-24:47
111        android:name="com.example.digital_bus_pass_system.DYNAMIC_RECEIVER_NOT_EXPORTED_PERMISSION"
111-->[androidx.core:core:1.16.0] AndroidManifest.xml:23:9-81
112        android:protectionLevel="signature" />
112-->[androidx.core:core:1.16.0] AndroidManifest.xml:24:9-44
113
114    <uses-permission android:name="com.example.digital_bus_pass_system.DYNAMIC_RECEIVER_NOT_EXPORTED_PERMISSION" />
114-->[androidx.core:core:1.16.0] AndroidManifest.xml:26:5-97
114-->[androidx.core:core:1.16.0] AndroidManifest.xml:26:22-94
115
116    <application
117        android:name="android.app.Application"
117-->src\main\AndroidManifest.xml:10:9-42
118        android:appComponentFactory="androidx.core.app.CoreComponentFactory"
118-->[androidx.core:core:1.16.0] AndroidManifest.xml:28:18-86
119        android:debuggable="true"
120        android:extractNativeLibs="false"
121        android:icon="@mipmap/ic_launcher"
121-->src\debug\AndroidManifest.xml:55:9-43
122        android:label="digital_bus_pass_system"
122-->src\debug\AndroidManifest.xml:54:9-48
123        android:requestLegacyExternalStorage="true"
123-->src\debug\AndroidManifest.xml:56:9-52
124        android:usesCleartextTraffic="true" >
124-->src\debug\AndroidManifest.xml:57:9-44
125
126        <!-- Google Maps API Key -->
127        <meta-data
127-->src\debug\AndroidManifest.xml:60:9-62:71
128            android:name="com.google.android.geo.API_KEY"
128-->src\debug\AndroidManifest.xml:61:13-58
129            android:value="AIzaSyCuJ95Ynset11JahQ96woXW5EM7S-d3BTo" />
129-->src\debug\AndroidManifest.xml:62:13-68
130
131        <!-- Required for Google Maps to work on older devices -->
132        <uses-library
132-->src\debug\AndroidManifest.xml:65:9-67:40
133            android:name="org.apache.http.legacy"
133-->src\debug\AndroidManifest.xml:66:13-50
134            android:required="false" />
134-->src\debug\AndroidManifest.xml:67:13-37
135
136        <activity
136-->src\main\AndroidManifest.xml:12:9-33:20
137            android:name="com.example.digital_bus_pass_system.MainActivity"
137-->src\main\AndroidManifest.xml:13:13-41
138            android:configChanges="orientation|keyboardHidden|keyboard|screenSize|smallestScreenSize|locale|layoutDirection|fontScale|screenLayout|density|uiMode"
138-->src\main\AndroidManifest.xml:18:13-163
139            android:exported="true"
139-->src\main\AndroidManifest.xml:14:13-36
140            android:hardwareAccelerated="true"
140-->src\main\AndroidManifest.xml:19:13-47
141            android:launchMode="singleTop"
141-->src\main\AndroidManifest.xml:15:13-43
142            android:taskAffinity=""
142-->src\main\AndroidManifest.xml:16:13-36
143            android:theme="@style/LaunchTheme"
143-->src\main\AndroidManifest.xml:17:13-47
144            android:windowSoftInputMode="adjustResize" >
144-->src\main\AndroidManifest.xml:20:13-55
145
146            <!--
147                 Specifies an Android theme to apply to this Activity as soon as
148                 the Android process has started. This theme is visible to the user
149                 while the Flutter UI initializes. After that, this theme continues
150                 to determine the Window background behind the Flutter UI.
151            -->
152            <meta-data
152-->src\main\AndroidManifest.xml:25:13-28:17
153                android:name="io.flutter.embedding.android.NormalTheme"
153-->src\main\AndroidManifest.xml:26:15-70
154                android:resource="@style/NormalTheme" />
154-->src\main\AndroidManifest.xml:27:15-52
155
156            <intent-filter>
156-->src\main\AndroidManifest.xml:29:13-32:29
157                <action android:name="android.intent.action.MAIN" />
157-->src\main\AndroidManifest.xml:30:17-68
157-->src\main\AndroidManifest.xml:30:25-66
158
159                <category android:name="android.intent.category.LAUNCHER" />
159-->src\main\AndroidManifest.xml:31:17-76
159-->src\main\AndroidManifest.xml:31:27-74
160            </intent-filter>
161        </activity>
162        <!--
163 Don't delete the meta-data below.
164             This is used by the Flutter tool to generate GeneratedPluginRegistrant.java
165        -->
166        <meta-data
166-->src\main\AndroidManifest.xml:36:9-38:33
167            android:name="flutterEmbedding"
167-->src\main\AndroidManifest.xml:37:13-44
168            android:value="2" />
168-->src\main\AndroidManifest.xml:38:13-30
169
170        <service
170-->[:location] AndroidManifest.xml:11:9-15:56
171            android:name="com.lyokone.location.FlutterLocationService"
171-->[:location] AndroidManifest.xml:12:13-71
172            android:enabled="true"
172-->[:location] AndroidManifest.xml:13:13-35
173            android:exported="false"
173-->[:location] AndroidManifest.xml:14:13-37
174            android:foregroundServiceType="location" />
174-->[:location] AndroidManifest.xml:15:13-53
175        <service
175-->[:cloud_firestore] AndroidManifest.xml:8:9-12:19
176            android:name="com.google.firebase.components.ComponentDiscoveryService"
176-->[:cloud_firestore] AndroidManifest.xml:8:18-89
177            android:directBootAware="true"
177-->[com.google.firebase:firebase-common:21.0.0] AndroidManifest.xml:32:13-43
178            android:exported="false" >
178-->[com.google.firebase:firebase-firestore:25.1.3] AndroidManifest.xml:16:13-37
179            <meta-data
179-->[:cloud_firestore] AndroidManifest.xml:9:13-11:85
180                android:name="com.google.firebase.components:io.flutter.plugins.firebase.firestore.FlutterFirebaseFirestoreRegistrar"
180-->[:cloud_firestore] AndroidManifest.xml:10:17-134
181                android:value="com.google.firebase.components.ComponentRegistrar" />
181-->[:cloud_firestore] AndroidManifest.xml:11:17-82
182            <meta-data
182-->[:firebase_auth] AndroidManifest.xml:9:13-11:85
183                android:name="com.google.firebase.components:io.flutter.plugins.firebase.auth.FlutterFirebaseAuthRegistrar"
183-->[:firebase_auth] AndroidManifest.xml:10:17-124
184                android:value="com.google.firebase.components.ComponentRegistrar" />
184-->[:firebase_auth] AndroidManifest.xml:11:17-82
185            <meta-data
185-->[:firebase_in_app_messaging] AndroidManifest.xml:9:13-11:85
186                android:name="com.google.firebase.components:io.flutter.plugins.firebase.inappmessaging.FlutterFirebaseAppRegistrar"
186-->[:firebase_in_app_messaging] AndroidManifest.xml:10:17-133
187                android:value="com.google.firebase.components.ComponentRegistrar" />
187-->[:firebase_in_app_messaging] AndroidManifest.xml:11:17-82
188            <meta-data
188-->[:firebase_core] AndroidManifest.xml:9:13-11:85
189                android:name="com.google.firebase.components:io.flutter.plugins.firebase.core.FlutterFirebaseCoreRegistrar"
189-->[:firebase_core] AndroidManifest.xml:10:17-124
190                android:value="com.google.firebase.components.ComponentRegistrar" />
190-->[:firebase_core] AndroidManifest.xml:11:17-82
191            <meta-data
191-->[com.google.firebase:firebase-firestore:25.1.3] AndroidManifest.xml:17:13-19:85
192                android:name="com.google.firebase.components:com.google.firebase.firestore.FirebaseFirestoreKtxRegistrar"
192-->[com.google.firebase:firebase-firestore:25.1.3] AndroidManifest.xml:18:17-122
193                android:value="com.google.firebase.components.ComponentRegistrar" />
193-->[com.google.firebase:firebase-firestore:25.1.3] AndroidManifest.xml:19:17-82
194            <meta-data
194-->[com.google.firebase:firebase-firestore:25.1.3] AndroidManifest.xml:20:13-22:85
195                android:name="com.google.firebase.components:com.google.firebase.firestore.FirestoreRegistrar"
195-->[com.google.firebase:firebase-firestore:25.1.3] AndroidManifest.xml:21:17-111
196                android:value="com.google.firebase.components.ComponentRegistrar" />
196-->[com.google.firebase:firebase-firestore:25.1.3] AndroidManifest.xml:22:17-82
197            <meta-data
197-->[com.google.firebase:firebase-auth:23.2.0] AndroidManifest.xml:69:13-71:85
198                android:name="com.google.firebase.components:com.google.firebase.auth.FirebaseAuthRegistrar"
198-->[com.google.firebase:firebase-auth:23.2.0] AndroidManifest.xml:70:17-109
199                android:value="com.google.firebase.components.ComponentRegistrar" />
199-->[com.google.firebase:firebase-auth:23.2.0] AndroidManifest.xml:71:17-82
200            <meta-data
200-->[com.google.firebase:firebase-inappmessaging-display:21.0.2] AndroidManifest.xml:22:13-24:85
201                android:name="com.google.firebase.components:com.google.firebase.inappmessaging.display.FirebaseInAppMessagingDisplayKtxRegistrar"
201-->[com.google.firebase:firebase-inappmessaging-display:21.0.2] AndroidManifest.xml:23:17-147
202                android:value="com.google.firebase.components.ComponentRegistrar" />
202-->[com.google.firebase:firebase-inappmessaging-display:21.0.2] AndroidManifest.xml:24:17-82
203            <meta-data
203-->[com.google.firebase:firebase-inappmessaging-display:21.0.2] AndroidManifest.xml:25:13-27:85
204                android:name="com.google.firebase.components:com.google.firebase.inappmessaging.display.FirebaseInAppMessagingDisplayRegistrar"
204-->[com.google.firebase:firebase-inappmessaging-display:21.0.2] AndroidManifest.xml:26:17-144
205                android:value="com.google.firebase.components.ComponentRegistrar" />
205-->[com.google.firebase:firebase-inappmessaging-display:21.0.2] AndroidManifest.xml:27:17-82
206            <meta-data
206-->[com.google.firebase:firebase-inappmessaging:21.0.2] AndroidManifest.xml:14:13-16:85
207                android:name="com.google.firebase.components:com.google.firebase.inappmessaging.FirebaseInAppMessagingKtxRegistrar"
207-->[com.google.firebase:firebase-inappmessaging:21.0.2] AndroidManifest.xml:15:17-132
208                android:value="com.google.firebase.components.ComponentRegistrar" />
208-->[com.google.firebase:firebase-inappmessaging:21.0.2] AndroidManifest.xml:16:17-82
209            <meta-data
209-->[com.google.firebase:firebase-inappmessaging:21.0.2] AndroidManifest.xml:17:13-19:85
210                android:name="com.google.firebase.components:com.google.firebase.inappmessaging.FirebaseInAppMessagingRegistrar"
210-->[com.google.firebase:firebase-inappmessaging:21.0.2] AndroidManifest.xml:18:17-129
211                android:value="com.google.firebase.components.ComponentRegistrar" />
211-->[com.google.firebase:firebase-inappmessaging:21.0.2] AndroidManifest.xml:19:17-82
212            <meta-data
212-->[com.google.firebase:firebase-installations:18.0.0] AndroidManifest.xml:15:13-17:85
213                android:name="com.google.firebase.components:com.google.firebase.installations.FirebaseInstallationsKtxRegistrar"
213-->[com.google.firebase:firebase-installations:18.0.0] AndroidManifest.xml:16:17-130
214                android:value="com.google.firebase.components.ComponentRegistrar" />
214-->[com.google.firebase:firebase-installations:18.0.0] AndroidManifest.xml:17:17-82
215            <meta-data
215-->[com.google.firebase:firebase-installations:18.0.0] AndroidManifest.xml:18:13-20:85
216                android:name="com.google.firebase.components:com.google.firebase.installations.FirebaseInstallationsRegistrar"
216-->[com.google.firebase:firebase-installations:18.0.0] AndroidManifest.xml:19:17-127
217                android:value="com.google.firebase.components.ComponentRegistrar" />
217-->[com.google.firebase:firebase-installations:18.0.0] AndroidManifest.xml:20:17-82
218            <meta-data
218-->[com.google.firebase:firebase-common-ktx:21.0.0] AndroidManifest.xml:12:13-14:85
219                android:name="com.google.firebase.components:com.google.firebase.ktx.FirebaseCommonLegacyRegistrar"
219-->[com.google.firebase:firebase-common-ktx:21.0.0] AndroidManifest.xml:13:17-116
220                android:value="com.google.firebase.components.ComponentRegistrar" />
220-->[com.google.firebase:firebase-common-ktx:21.0.0] AndroidManifest.xml:14:17-82
221            <meta-data
221-->[com.google.firebase:firebase-common:21.0.0] AndroidManifest.xml:35:13-37:85
222                android:name="com.google.firebase.components:com.google.firebase.FirebaseCommonKtxRegistrar"
222-->[com.google.firebase:firebase-common:21.0.0] AndroidManifest.xml:36:17-109
223                android:value="com.google.firebase.components.ComponentRegistrar" />
223-->[com.google.firebase:firebase-common:21.0.0] AndroidManifest.xml:37:17-82
224            <meta-data
224-->[com.google.firebase:firebase-abt:21.1.1] AndroidManifest.xml:12:13-14:85
225                android:name="com.google.firebase.components:com.google.firebase.abt.component.AbtRegistrar"
225-->[com.google.firebase:firebase-abt:21.1.1] AndroidManifest.xml:13:17-109
226                android:value="com.google.firebase.components.ComponentRegistrar" />
226-->[com.google.firebase:firebase-abt:21.1.1] AndroidManifest.xml:14:17-82
227            <meta-data
227-->[com.google.firebase:firebase-datatransport:18.2.0] AndroidManifest.xml:25:13-27:85
228                android:name="com.google.firebase.components:com.google.firebase.datatransport.TransportRegistrar"
228-->[com.google.firebase:firebase-datatransport:18.2.0] AndroidManifest.xml:26:17-115
229                android:value="com.google.firebase.components.ComponentRegistrar" />
229-->[com.google.firebase:firebase-datatransport:18.2.0] AndroidManifest.xml:27:17-82
230        </service>
231
232        <activity
232-->[com.google.firebase:firebase-auth:23.2.0] AndroidManifest.xml:29:9-46:20
233            android:name="com.google.firebase.auth.internal.GenericIdpActivity"
233-->[com.google.firebase:firebase-auth:23.2.0] AndroidManifest.xml:30:13-80
234            android:excludeFromRecents="true"
234-->[com.google.firebase:firebase-auth:23.2.0] AndroidManifest.xml:31:13-46
235            android:exported="true"
235-->[com.google.firebase:firebase-auth:23.2.0] AndroidManifest.xml:32:13-36
236            android:launchMode="singleTask"
236-->[com.google.firebase:firebase-auth:23.2.0] AndroidManifest.xml:33:13-44
237            android:theme="@android:style/Theme.Translucent.NoTitleBar" >
237-->[com.google.firebase:firebase-auth:23.2.0] AndroidManifest.xml:34:13-72
238            <intent-filter>
238-->[com.google.firebase:firebase-auth:23.2.0] AndroidManifest.xml:35:13-45:29
239                <action android:name="android.intent.action.VIEW" />
239-->[com.google.firebase:firebase-auth:23.2.0] AndroidManifest.xml:36:17-69
239-->[com.google.firebase:firebase-auth:23.2.0] AndroidManifest.xml:36:25-66
240
241                <category android:name="android.intent.category.DEFAULT" />
241-->[com.google.firebase:firebase-auth:23.2.0] AndroidManifest.xml:38:17-76
241-->[com.google.firebase:firebase-auth:23.2.0] AndroidManifest.xml:38:27-73
242                <category android:name="android.intent.category.BROWSABLE" />
242-->[com.google.firebase:firebase-auth:23.2.0] AndroidManifest.xml:39:17-78
242-->[com.google.firebase:firebase-auth:23.2.0] AndroidManifest.xml:39:27-75
243
244                <data
244-->src\main\AndroidManifest.xml:48:13-50
245                    android:host="firebase.auth"
246                    android:path="/"
247                    android:scheme="genericidp" />
248            </intent-filter>
249        </activity>
250        <activity
250-->[com.google.firebase:firebase-auth:23.2.0] AndroidManifest.xml:47:9-64:20
251            android:name="com.google.firebase.auth.internal.RecaptchaActivity"
251-->[com.google.firebase:firebase-auth:23.2.0] AndroidManifest.xml:48:13-79
252            android:excludeFromRecents="true"
252-->[com.google.firebase:firebase-auth:23.2.0] AndroidManifest.xml:49:13-46
253            android:exported="true"
253-->[com.google.firebase:firebase-auth:23.2.0] AndroidManifest.xml:50:13-36
254            android:launchMode="singleTask"
254-->[com.google.firebase:firebase-auth:23.2.0] AndroidManifest.xml:51:13-44
255            android:theme="@android:style/Theme.Translucent.NoTitleBar" >
255-->[com.google.firebase:firebase-auth:23.2.0] AndroidManifest.xml:52:13-72
256            <intent-filter>
256-->[com.google.firebase:firebase-auth:23.2.0] AndroidManifest.xml:53:13-63:29
257                <action android:name="android.intent.action.VIEW" />
257-->[com.google.firebase:firebase-auth:23.2.0] AndroidManifest.xml:36:17-69
257-->[com.google.firebase:firebase-auth:23.2.0] AndroidManifest.xml:36:25-66
258
259                <category android:name="android.intent.category.DEFAULT" />
259-->[com.google.firebase:firebase-auth:23.2.0] AndroidManifest.xml:38:17-76
259-->[com.google.firebase:firebase-auth:23.2.0] AndroidManifest.xml:38:27-73
260                <category android:name="android.intent.category.BROWSABLE" />
260-->[com.google.firebase:firebase-auth:23.2.0] AndroidManifest.xml:39:17-78
260-->[com.google.firebase:firebase-auth:23.2.0] AndroidManifest.xml:39:27-75
261
262                <data
262-->src\main\AndroidManifest.xml:48:13-50
263                    android:host="firebase.auth"
264                    android:path="/"
265                    android:scheme="recaptcha" />
266            </intent-filter>
267        </activity>
268
269        <service
269-->[:geolocator_android] AndroidManifest.xml:8:9-12:56
270            android:name="com.baseflow.geolocator.GeolocatorLocationService"
270-->[:geolocator_android] AndroidManifest.xml:9:13-77
271            android:enabled="true"
271-->[:geolocator_android] AndroidManifest.xml:10:13-35
272            android:exported="false"
272-->[:geolocator_android] AndroidManifest.xml:11:13-37
273            android:foregroundServiceType="location" />
273-->[:geolocator_android] AndroidManifest.xml:12:13-53
274
275        <provider
275-->[:printing] AndroidManifest.xml:8:9-16:20
276            android:name="net.nfet.flutter.printing.PrintFileProvider"
276-->[:printing] AndroidManifest.xml:9:13-71
277            android:authorities="com.example.digital_bus_pass_system.flutter.printing"
277-->[:printing] AndroidManifest.xml:10:13-68
278            android:exported="false"
278-->[:printing] AndroidManifest.xml:11:13-37
279            android:grantUriPermissions="true" >
279-->[:printing] AndroidManifest.xml:12:13-47
280            <meta-data
280-->[:printing] AndroidManifest.xml:13:13-15:71
281                android:name="android.support.FILE_PROVIDER_PATHS"
281-->[:printing] AndroidManifest.xml:14:17-67
282                android:resource="@xml/flutter_printing_file_paths" />
282-->[:printing] AndroidManifest.xml:15:17-68
283        </provider>
284
285        <uses-library
285-->[androidx.window:window:1.2.0] AndroidManifest.xml:23:9-25:40
286            android:name="androidx.window.extensions"
286-->[androidx.window:window:1.2.0] AndroidManifest.xml:24:13-54
287            android:required="false" />
287-->[androidx.window:window:1.2.0] AndroidManifest.xml:25:13-37
288        <uses-library
288-->[androidx.window:window:1.2.0] AndroidManifest.xml:26:9-28:40
289            android:name="androidx.window.sidecar"
289-->[androidx.window:window:1.2.0] AndroidManifest.xml:27:13-51
290            android:required="false" />
290-->[androidx.window:window:1.2.0] AndroidManifest.xml:28:13-37
291
292        <provider
292-->[com.google.firebase:firebase-common:21.0.0] AndroidManifest.xml:23:9-28:39
293            android:name="com.google.firebase.provider.FirebaseInitProvider"
293-->[com.google.firebase:firebase-common:21.0.0] AndroidManifest.xml:24:13-77
294            android:authorities="com.example.digital_bus_pass_system.firebaseinitprovider"
294-->[com.google.firebase:firebase-common:21.0.0] AndroidManifest.xml:25:13-72
295            android:directBootAware="true"
295-->[com.google.firebase:firebase-common:21.0.0] AndroidManifest.xml:26:13-43
296            android:exported="false"
296-->[com.google.firebase:firebase-common:21.0.0] AndroidManifest.xml:27:13-37
297            android:initOrder="100" />
297-->[com.google.firebase:firebase-common:21.0.0] AndroidManifest.xml:28:13-36
298
299        <activity
299-->[com.razorpay:standard-core:1.6.50] AndroidManifest.xml:42:9-50:20
300            android:name="com.razorpay.CheckoutActivity"
300-->[com.razorpay:standard-core:1.6.50] AndroidManifest.xml:43:13-57
301            android:configChanges="keyboard|keyboardHidden|orientation|screenSize"
301-->[com.razorpay:standard-core:1.6.50] AndroidManifest.xml:44:13-83
302            android:exported="false"
302-->[com.razorpay:standard-core:1.6.50] AndroidManifest.xml:45:13-37
303            android:theme="@style/CheckoutTheme" >
303-->[com.razorpay:standard-core:1.6.50] AndroidManifest.xml:46:13-49
304            <intent-filter>